<?xml version="1.0" encoding="UTF-8"?>
<!-- Generated by org.testng.reporters.JUnitReportReporter -->
<testsuite hostname="DESKTOP-R8FA6O2" failures="0" tests="2" name="Com.TestNG.DataProviderTest" time="0.012" errors="0" timestamp="2023-12-10T19:23:31 IST" skipped="0">
  <testcase classname="Com.TestNG.DataProviderTest" name="getdata" time="0.011"/>
  <system-out/>
  <testcase classname="Com.TestNG.DataProviderTest" name="getdata" time="0.001"/>
  <system-out/>
</testsuite> <!-- Com.TestNG.DataProviderTest -->
