<?xml version="1.0" encoding="UTF-8"?>
<!-- Generated by org.testng.reporters.JUnitReportReporter -->
<testsuite hostname="DESKTOP-R8FA6O2" failures="0" tests="1" name="Practice_package.Read_Data_From_cmdprompt" time="0.592" errors="0" timestamp="2023-11-10T13:38:50 IST" skipped="0">
  <testcase classname="Practice_package.Read_Data_From_cmdprompt" name="writedata" time="0.592"/>
  <system-out/>
</testsuite> <!-- Practice_package.Read_Data_From_cmdprompt -->
