<?xml version="1.0" encoding="UTF-8"?>
<!-- Generated by org.testng.reporters.JUnitReportReporter -->
<testsuite hostname="DESKTOP-R8FA6O2" failures="0" tests="1" name="Automate_Project_Test_Case1.To_check_add_retailers_page_is_displayed_Test" time="3.694" errors="0" timestamp="2023-11-30T17:25:05 IST" skipped="0">
  <testcase classname="Automate_Project_Test_Case1.To_check_add_retailers_page_is_displayed_Test" name="test" time="3.694"/>
  <system-out/>
</testsuite> <!-- Automate_Project_Test_Case1.To_check_add_retailers_page_is_displayed_Test -->
