<?xml version="1.0" encoding="UTF-8"?>
<!-- Generated by org.testng.reporters.JUnitReportReporter -->
<testsuite hostname="DESKTOP-R8FA6O2" failures="0" tests="2" name="Com.TestNG.DataProviderTest" time="0.016" errors="0" timestamp="2023-11-26T17:46:50 IST" skipped="0">
  <testcase classname="Com.TestNG.DataProviderTest" name="getdata" time="0.014"/>
  <system-out/>
  <testcase classname="Com.TestNG.DataProviderTest" name="getdata" time="0.002"/>
  <system-out/>
</testsuite> <!-- Com.TestNG.DataProviderTest -->
