<?xml version="1.0" encoding="UTF-8"?>
<!-- Generated by org.testng.reporters.JUnitReportReporter -->
<testsuite hostname="DESKTOP-R8FA6O2" failures="0" tests="1" name="Automate_Project_Test_Case1.DeletingRetailer_Test" time="75.596" errors="0" timestamp="2023-11-30T17:20:30 IST" skipped="0">
  <testcase classname="Automate_Project_Test_Case1.DeletingRetailer_Test" name="test" time="75.596"/>
  <system-out/>
</testsuite> <!-- Automate_Project_Test_Case1.DeletingRetailer_Test -->
