<?xml version="1.0" encoding="UTF-8"?>
<!-- Generated by org.testng.reporters.JUnitReportReporter -->
<testsuite hostname="DESKTOP-R8FA6O2" failures="0" tests="1" name="Automate_Project_Test_Case1.To_check_add_retailers_page_is_displayed_Test" time="11.794" errors="0" timestamp="2023-12-29T12:24:13 IST" skipped="0">
  <testcase classname="Automate_Project_Test_Case1.To_check_add_retailers_page_is_displayed_Test" name="test" time="11.794"/>
  <system-out>
    <![CDATA[test---Test script execution starts from here---
test---Test script executed successfully---]]>
  </system-out>
</testsuite> <!-- Automate_Project_Test_Case1.To_check_add_retailers_page_is_displayed_Test -->
