<?xml version="1.0" encoding="UTF-8"?>
<!-- Generated by org.testng.reporters.JUnitReportReporter -->
<testsuite hostname="DESKTOP-R8FA6O2" failures="0" tests="2" name="Com.TestNG.AnnotationsTest" time="0.024" errors="0" timestamp="2023-11-20T18:18:18 IST" skipped="0">
  <testcase classname="Com.TestNG.AnnotationsTest" name="test1" time="0.016"/>
  <system-out/>
  <testcase classname="Com.TestNG.AnnotationsTest" name="test2" time="0.008"/>
  <system-out/>
</testsuite> <!-- Com.TestNG.AnnotationsTest -->
