<?xml version="1.0" encoding="UTF-8"?>
<!-- Generated by org.testng.reporters.JUnitReportReporter -->
<testsuite hostname="DESKTOP-R8FA6O2" failures="0" tests="2" name="Com.TestNG.ExecuteDataProviderTest" time="0.018" errors="0" timestamp="2024-02-02T10:48:24 IST" skipped="0">
  <testcase classname="Com.TestNG.ExecuteDataProviderTest" name="getdata" time="0.015"/>
  <system-out/>
  <testcase classname="Com.TestNG.ExecuteDataProviderTest" name="getdata" time="0.003"/>
  <system-out/>
</testsuite> <!-- Com.TestNG.ExecuteDataProviderTest -->
