<?xml version="1.0" encoding="UTF-8"?>
<!-- Generated by org.testng.reporters.JUnitReportReporter -->
<testsuite hostname="DESKTOP-R8FA6O2" failures="0" tests="4" name="Com.TestNG.PracticeTestNG2" time="0.042" errors="0" timestamp="2023-11-20T16:06:28 IST" skipped="0">
  <testcase classname="Com.TestNG.PracticeTestNG2" name="b" time="0.012"/>
  <system-out/>
  <testcase classname="Com.TestNG.PracticeTestNG2" name="a" time="0.005"/>
  <system-out/>
  <testcase classname="Com.TestNG.PracticeTestNG2" name="d" time="0.022"/>
  <system-out/>
  <testcase classname="Com.TestNG.PracticeTestNG2" name="c" time="0.003"/>
  <system-out/>
</testsuite> <!-- Com.TestNG.PracticeTestNG2 -->
