<?xml version="1.0" encoding="UTF-8"?>
<!-- Generated by org.testng.reporters.JUnitReportReporter -->
<testsuite hostname="DESKTOP-R8FA6O2" failures="0" tests="3" name="Com.TestNG.ExecuteDPExcelTest" time="0.021" errors="0" timestamp="2023-11-28T10:02:02 IST" skipped="0">
  <testcase classname="Com.TestNG.ExecuteDPExcelTest" name="getdata" time="0.005"/>
  <system-out/>
  <testcase classname="Com.TestNG.ExecuteDPExcelTest" name="getdata" time="0.011"/>
  <system-out/>
  <testcase classname="Com.TestNG.ExecuteDPExcelTest" name="getdata" time="0.005"/>
  <system-out/>
</testsuite> <!-- Com.TestNG.ExecuteDPExcelTest -->
