<?xml version="1.0" encoding="UTF-8"?>
<!-- Generated by org.testng.reporters.JUnitReportReporter -->
<testsuite hostname="DESKTOP-R8FA6O2" failures="0" tests="4" name="Com.TestNG.PracticeTestNG" time="0.058" errors="0" timestamp="2023-11-26T16:43:58 IST" skipped="0">
  <testcase classname="Com.TestNG.PracticeTestNG" name="edittest" time="0.001"/>
  <system-out/>
  <testcase classname="Com.TestNG.PracticeTestNG" name="modifytest" time="0.001"/>
  <system-out/>
  <testcase classname="Com.TestNG.PracticeTestNG" name="createtest" time="0.001"/>
  <system-out/>
  <testcase classname="Com.TestNG.PracticeTestNG" name="deletetest" time="0.055"/>
  <system-out/>
</testsuite> <!-- Com.TestNG.PracticeTestNG -->
