<?xml version="1.0" encoding="UTF-8"?>
<!-- Generated by org.testng.reporters.JUnitReportReporter -->
<testsuite hostname="DESKTOP-R8FA6O2" failures="0" tests="1" name="Com.TestNG.SoftAssert_Test" time="41.652" errors="0" timestamp="2023-11-22T16:10:44 IST" skipped="0">
  <testcase classname="Com.TestNG.SoftAssert_Test" name="soft" time="41.652"/>
  <system-out/>
</testsuite> <!-- Com.TestNG.SoftAssert_Test -->
