<?xml version="1.0" encoding="UTF-8"?>
<!-- Generated by org.testng.reporters.JUnitReportReporter -->
<testsuite hostname="DESKTOP-R8FA6O2" failures="0" tests="1" name="Practice_package.Cmd_ParameterTest" time="52.530" errors="0" timestamp="2023-11-10T16:12:34 IST" skipped="0">
  <testcase classname="Practice_package.Cmd_ParameterTest" name="cmdParametertest" time="52.530"/>
  <system-out/>
</testsuite> <!-- Practice_package.Cmd_ParameterTest -->
